\BOOKMARK [1][-]{section.1}{Introduction }{}% 1
\BOOKMARK [2][-]{subsection.1.1}{Attitude Determination and Control System}{section.1}% 2
\BOOKMARK [1][-]{section.2}{Passive attitude control and OUFTI-1}{}% 3
\BOOKMARK [2][-]{subsubsection.2.0.1}{Requirements}{section.2}% 4
\BOOKMARK [3][-]{subsubsection.2.0.2}{Hysteresis Damping}{subsubsection.2.0.1}% 5
\BOOKMARK [3][-]{subsubsection.2.0.3}{Passive Magnetic Attitude Stabilization \(PMAS\) Design}{subsubsection.2.0.1}% 6
\BOOKMARK [1][-]{section.3}{Active attitude control and OUFTI-2}{}% 7
\BOOKMARK [2][-]{subsection.3.1}{Attitude determination of OUFTI-1}{section.3}% 8
\BOOKMARK [1][-]{section.4}{Active Control for Oufti-2}{}% 9
\BOOKMARK [2][-]{subsection.4.1}{Payload, orbit and requirements}{section.4}% 10
\BOOKMARK [2][-]{subsection.4.2}{Attitude determination}{section.4}% 11
\BOOKMARK [3][-]{subsubsection.4.2.1}{Sun sensors}{subsection.4.2}% 12
\BOOKMARK [3][-]{subsubsection.4.2.2}{Magnetometers}{subsection.4.2}% 13
\BOOKMARK [3][-]{subsubsection.4.2.3}{Gyroscopes}{subsection.4.2}% 14
\BOOKMARK [3][-]{subsubsection.4.2.4}{Star sensors}{subsection.4.2}% 15
\BOOKMARK [2][-]{subsection.4.3}{Attitude control}{section.4}% 16
\BOOKMARK [3][-]{subsubsection.4.3.1}{Magnetic torquers}{subsection.4.3}% 17
\BOOKMARK [3][-]{subsubsection.4.3.2}{Momentum exchange devices}{subsection.4.3}% 18
\BOOKMARK [3][-]{subsubsection.4.3.3}{Thrusters}{subsection.4.3}% 19
\BOOKMARK [2][-]{subsection.4.4}{Existing hardware for active control }{section.4}% 20
\BOOKMARK [2][-]{subsection.4.5}{Conclusion}{section.4}% 21
\BOOKMARK [1][-]{section.5}{Simulations of an active attitude control}{}% 22
\BOOKMARK [2][-]{subsection.5.1}{Application of quaternions to active control}{section.5}% 23
\BOOKMARK [2][-]{subsection.5.2}{Attitude determination}{section.5}% 24
\BOOKMARK [2][-]{subsection.5.3}{Torque free motion}{section.5}% 25
\BOOKMARK [2][-]{subsection.5.4}{Attitude control models}{section.5}% 26
\BOOKMARK [2][-]{subsection.5.5}{General parameters for the active control simulations}{section.5}% 27
\BOOKMARK [2][-]{subsection.5.6}{PID controller}{section.5}% 28
\BOOKMARK [2][-]{subsection.5.7}{The linear quadratic regulator controller}{section.5}% 29
\BOOKMARK [2][-]{subsection.5.8}{Detumbling controller based on B-dot}{section.5}% 30
\BOOKMARK [2][-]{subsection.5.9}{Attitude model with full controllability}{section.5}% 31
\BOOKMARK [2][-]{subsection.5.10}{Attitude model with only magnetic torquers}{section.5}% 32
\BOOKMARK [3][-]{subsubsection.5.10.1}{Magnetic torquers with one reaction wheel}{subsection.5.10}% 33
\BOOKMARK [1][-]{section.6}{Conclusions}{}% 34
\BOOKMARK [2][-]{subsection.6.1}{OUFTI-1}{section.6}% 35
\BOOKMARK [2][-]{subsection.6.2}{OUFTI-2}{section.6}% 36
