\BOOKMARK [1][-]{section.1}{Introduction}{}% 1
\BOOKMARK [1][-]{section.2}{Thermal Modeling Setup}{}% 2
\BOOKMARK [1][-]{section.3}{Steady State Analytical Model}{}% 3
\BOOKMARK [1][-]{section.4}{Steady State Simulation }{}% 4
\BOOKMARK [2][-]{subsection.4.1}{Simulation Set Up}{section.4}% 5
\BOOKMARK [3][-]{subsubsection.4.1.1}{Geometry}{subsection.4.1}% 6
\BOOKMARK [3][-]{subsubsection.4.1.2}{Mesh}{subsection.4.1}% 7
\BOOKMARK [3][-]{subsubsection.4.1.3}{Contacts, Boundary Conditions and Parameters}{subsection.4.1}% 8
\BOOKMARK [3][-]{subsubsection.4.1.4}{Solution Parameters}{subsection.4.1}% 9
\BOOKMARK [3][-]{subsubsection.4.1.5}{Design Points}{subsection.4.1}% 10
\BOOKMARK [2][-]{subsection.4.2}{Results}{section.4}% 11
\BOOKMARK [1][-]{section.5}{Procedure for Paper Submission}{}% 12
\BOOKMARK [1][-]{section.6}{General Guidelines}{}% 13
\BOOKMARK [2][-]{subsection.6.1}{Publication by AIAA}{section.6}% 14
\BOOKMARK [2][-]{subsection.6.2}{Copyright}{section.6}% 15
\BOOKMARK [2][-]{subsection.6.3}{Publication Charges and Color Artwork}{section.6}% 16
\BOOKMARK [1][-]{section.7}{Instructions}{}% 17
\BOOKMARK [2][-]{subsection.7.1}{Document Text}{section.7}% 18
\BOOKMARK [2][-]{subsection.7.2}{Headings}{section.7}% 19
\BOOKMARK [2][-]{subsection.7.3}{Abstract}{section.7}% 20
\BOOKMARK [2][-]{subsection.7.4}{Nomenclature}{section.7}% 21
\BOOKMARK [2][-]{subsection.7.5}{Biographies}{section.7}% 22
\BOOKMARK [2][-]{subsection.7.6}{Footnotes and References}{section.7}% 23
\BOOKMARK [2][-]{subsection.7.7}{Figures and Tables}{section.7}% 24
\BOOKMARK [2][-]{subsection.7.8}{Equations}{section.7}% 25
\BOOKMARK [2][-]{subsection.7.9}{General Grammar and Preferred Usage}{section.7}% 26
\BOOKMARK [1][-]{section.8}{Conclusion}{}% 27
