\BOOKMARK [1][-]{section.1}{Introduction }{}% 1
\BOOKMARK [2][-]{subsection.1.1}{The CubeSat concept}{section.1}% 2
\BOOKMARK [2][-]{subsection.1.2}{The OUFTI family}{section.1}% 3
\BOOKMARK [2][-]{subsection.1.3}{OUFTI-1}{section.1}% 4
\BOOKMARK [2][-]{subsection.1.4}{OUFTI-2}{section.1}% 5
\BOOKMARK [2][-]{subsection.1.5}{Attitude Determination and Control System}{section.1}% 6
\BOOKMARK [3][-]{subsubsection.1.5.1}{Passive attitude control and OUFTI-1}{subsection.1.5}% 7
\BOOKMARK [3][-]{subsubsection.1.5.2}{Active attitude control and OUFTI-2}{subsection.1.5}% 8
\BOOKMARK [1][-]{section.2}{Mathematical modelling and Coordinate systems}{}% 9
\BOOKMARK [1][-]{section.3}{Passive ADCS of OUFTI-1}{}% 10
\BOOKMARK [2][-]{subsection.3.1}{Attitude determination of OUFTI-1}{section.3}% 11
\BOOKMARK [2][-]{subsection.3.2}{Conclusion}{section.3}% 12
\BOOKMARK [1][-]{section.4}{Towards an active control for Oufti-2}{}% 13
\BOOKMARK [2][-]{subsection.4.1}{Payload, orbit and requirements}{section.4}% 14
\BOOKMARK [2][-]{subsection.4.2}{Attitude determination}{section.4}% 15
\BOOKMARK [3][-]{subsubsection.4.2.1}{Sun sensors}{subsection.4.2}% 16
\BOOKMARK [3][-]{subsubsection.4.2.2}{Magnetometers}{subsection.4.2}% 17
\BOOKMARK [3][-]{subsubsection.4.2.3}{Gyroscopes}{subsection.4.2}% 18
\BOOKMARK [3][-]{subsubsection.4.2.4}{Star sensors}{subsection.4.2}% 19
\BOOKMARK [2][-]{subsection.4.3}{Attitude control}{section.4}% 20
\BOOKMARK [3][-]{subsubsection.4.3.1}{Magnetic torquers}{subsection.4.3}% 21
\BOOKMARK [3][-]{subsubsection.4.3.2}{Momentum exchange devices}{subsection.4.3}% 22
\BOOKMARK [3][-]{subsubsection.4.3.3}{Thrusters}{subsection.4.3}% 23
\BOOKMARK [2][-]{subsection.4.4}{Existing hardware for active control }{section.4}% 24
\BOOKMARK [2][-]{subsection.4.5}{Conclusion}{section.4}% 25
\BOOKMARK [1][-]{section.5}{Simulations of an active attitude control}{}% 26
\BOOKMARK [2][-]{subsection.5.1}{Application of quaternions to active control}{section.5}% 27
\BOOKMARK [2][-]{subsection.5.2}{Attitude determination}{section.5}% 28
\BOOKMARK [2][-]{subsection.5.3}{Torque free motion}{section.5}% 29
\BOOKMARK [2][-]{subsection.5.4}{Attitude control models}{section.5}% 30
\BOOKMARK [2][-]{subsection.5.5}{General parameters for the active control simulations}{section.5}% 31
\BOOKMARK [2][-]{subsection.5.6}{PID controller}{section.5}% 32
\BOOKMARK [2][-]{subsection.5.7}{The linear quadratic regulator controller}{section.5}% 33
\BOOKMARK [2][-]{subsection.5.8}{Detumbling controller based on B-dot}{section.5}% 34
\BOOKMARK [2][-]{subsection.5.9}{Attitude model with full controllability}{section.5}% 35
\BOOKMARK [2][-]{subsection.5.10}{Attitude model with only magnetic torquers}{section.5}% 36
\BOOKMARK [3][-]{subsubsection.5.10.1}{Magnetic torquers with one reaction wheel}{subsection.5.10}% 37
\BOOKMARK [1][-]{section.6}{Conclusions}{}% 38
\BOOKMARK [2][-]{subsection.6.1}{OUFTI-1}{section.6}% 39
\BOOKMARK [2][-]{subsection.6.2}{OUFTI-2}{section.6}% 40
